#-----------------------------------------------------------
# Vivado v2018.2 (64-bit)
# SW Build 2258646 on Thu Jun 14 20:03:12 MDT 2018
# IP Build 2256618 on Thu Jun 14 22:10:49 MDT 2018
# Start of session at: Mon Sep 24 23:43:28 2018
# Process ID: 12544
# Current directory: C:/Users/furen/Desktop/Kawiarka_editv2
# Command line: vivado.exe -gui_launcher_event rodinguilauncherevent6984 C:\Users\furen\Desktop\Kawiarka_editv2\project_1.xpr
# Log file: C:/Users/furen/Desktop/Kawiarka_editv2/vivado.log
# Journal file: C:/Users/furen/Desktop/Kawiarka_editv2\vivado.jou
#-----------------------------------------------------------
start_gui
open_project C:/Users/furen/Desktop/Kawiarka_editv2/project_1.xpr
INFO: [Project 1-313] Project file moved from 'C:/Users/furen/Desktop/Kawiarka_editv1' since last save.
Scanning sources...
Finished scanning sources
INFO: [IP_Flow 19-234] Refreshing IP repositories
INFO: [IP_Flow 19-1704] No user IP repositories specified
INFO: [IP_Flow 19-2313] Loaded Vivado IP repository 'D:/xilinx/Vivado/2018.2/data/ip'.
update_compile_order -fileset sources_1
exit
INFO: [Common 17-206] Exiting Vivado at Mon Sep 24 23:44:56 2018...
